2025-03-08 11:20:21,425 - __main__ - INFO - 节点监控服务启动
2025-03-08 11:20:22,619 - httpx - INFO - HTTP Request: POST https://api.telegram.org/bot8123471451:AAHtM7bh8ZQJ5C7FcGLqyelwcvYaQilP4rk/sendMessage "HTTP/1.1 200 OK"
2025-03-08 11:20:22,620 - __main__ - INFO - 发送掉线节点通知: 英国 | BGP | 1.0X
2025-03-08 11:20:53,862 - httpx - INFO - HTTP Request: POST https://api.telegram.org/bot8123471451:AAHtM7bh8ZQJ5C7FcGLqyelwcvYaQilP4rk/sendMessage "HTTP/1.1 200 OK"
2025-03-08 11:20:53,864 - __main__ - INFO - 发送掉线节点通知: 英国 | BGP | 1.0X
2025-03-08 11:48:51,197 - __main__ - INFO - 节点监控服务启动
2025-03-08 11:51:20,694 - httpx - INFO - HTTP Request: POST https://api.telegram.org/bot8123471451:AAHtM7bh8ZQJ5C7FcGLqyelwcvYaQilP4rk/sendMessage "HTTP/1.1 200 OK"
2025-03-08 11:51:20,696 - __main__ - INFO - 发送掉线节点通知: 马来西亚 | BGP | 1.0X
2025-03-08 11:51:27,134 - httpx - INFO - HTTP Request: POST https://api.telegram.org/bot8123471451:AAHtM7bh8ZQJ5C7FcGLqyelwcvYaQilP4rk/sendMessage "HTTP/1.1 200 OK"
2025-03-08 11:51:27,135 - __main__ - INFO - 发送掉线节点通知: 马来西亚 | BGP | 1.0X
2025-03-08 11:51:51,832 - httpx - INFO - HTTP Request: POST https://api.telegram.org/bot8123471451:AAHtM7bh8ZQJ5C7FcGLqyelwcvYaQilP4rk/sendMessage "HTTP/1.1 200 OK"
2025-03-08 11:51:51,833 - __main__ - INFO - 发送掉线节点通知: 马来西亚 | BGP | 1.0X
2025-03-08 11:51:58,290 - httpx - INFO - HTTP Request: POST https://api.telegram.org/bot8123471451:AAHtM7bh8ZQJ5C7FcGLqyelwcvYaQilP4rk/sendMessage "HTTP/1.1 200 OK"
2025-03-08 11:51:58,291 - __main__ - INFO - 发送掉线节点通知: 马来西亚 | BGP | 1.0X
2025-03-08 11:52:23,114 - httpx - INFO - HTTP Request: POST https://api.telegram.org/bot8123471451:AAHtM7bh8ZQJ5C7FcGLqyelwcvYaQilP4rk/sendMessage "HTTP/1.1 200 OK"
2025-03-08 11:52:23,115 - __main__ - INFO - 发送掉线节点通知: 马来西亚 | BGP | 1.0X, 澳大利亚 | BGP | 1.0X
2025-03-08 11:52:29,455 - httpx - INFO - HTTP Request: POST https://api.telegram.org/bot8123471451:AAHtM7bh8ZQJ5C7FcGLqyelwcvYaQilP4rk/sendMessage "HTTP/1.1 200 OK"
2025-03-08 11:52:29,457 - __main__ - INFO - 发送掉线节点通知: 马来西亚 | BGP | 1.0X, 澳大利亚 | BGP | 1.0X
2025-03-08 11:52:54,305 - httpx - INFO - HTTP Request: POST https://api.telegram.org/bot8123471451:AAHtM7bh8ZQJ5C7FcGLqyelwcvYaQilP4rk/sendMessage "HTTP/1.1 200 OK"
2025-03-08 11:52:54,306 - __main__ - INFO - 发送掉线节点通知: 马来西亚 | BGP | 1.0X, 澳大利亚 | BGP | 1.0X
2025-03-08 11:53:00,682 - httpx - INFO - HTTP Request: POST https://api.telegram.org/bot8123471451:AAHtM7bh8ZQJ5C7FcGLqyelwcvYaQilP4rk/sendMessage "HTTP/1.1 200 OK"
2025-03-08 11:53:00,684 - __main__ - INFO - 发送掉线节点通知: 马来西亚 | BGP | 1.0X, 澳大利亚 | BGP | 1.0X
2025-03-08 11:53:25,483 - httpx - INFO - HTTP Request: POST https://api.telegram.org/bot8123471451:AAHtM7bh8ZQJ5C7FcGLqyelwcvYaQilP4rk/sendMessage "HTTP/1.1 200 OK"
2025-03-08 11:53:25,484 - __main__ - INFO - 发送掉线节点通知: 马来西亚 | BGP | 1.0X, 澳大利亚 | BGP | 1.0X
2025-03-08 11:53:31,851 - httpx - INFO - HTTP Request: POST https://api.telegram.org/bot8123471451:AAHtM7bh8ZQJ5C7FcGLqyelwcvYaQilP4rk/sendMessage "HTTP/1.1 200 OK"
2025-03-08 11:53:31,852 - __main__ - INFO - 发送掉线节点通知: 马来西亚 | BGP | 1.0X, 澳大利亚 | BGP | 1.0X
2025-03-08 11:53:56,657 - httpx - INFO - HTTP Request: POST https://api.telegram.org/bot8123471451:AAHtM7bh8ZQJ5C7FcGLqyelwcvYaQilP4rk/sendMessage "HTTP/1.1 200 OK"
2025-03-08 11:53:56,658 - __main__ - INFO - 发送掉线节点通知: 马来西亚 | BGP | 1.0X, 澳大利亚 | BGP | 1.0X
2025-03-08 11:54:03,034 - httpx - INFO - HTTP Request: POST https://api.telegram.org/bot8123471451:AAHtM7bh8ZQJ5C7FcGLqyelwcvYaQilP4rk/sendMessage "HTTP/1.1 200 OK"
2025-03-08 11:54:03,035 - __main__ - INFO - 发送掉线节点通知: 马来西亚 | BGP | 1.0X, 澳大利亚 | BGP | 1.0X
2025-03-08 11:54:27,784 - httpx - INFO - HTTP Request: POST https://api.telegram.org/bot8123471451:AAHtM7bh8ZQJ5C7FcGLqyelwcvYaQilP4rk/sendMessage "HTTP/1.1 200 OK"
2025-03-08 11:54:27,786 - __main__ - INFO - 发送掉线节点通知: 马来西亚 | BGP | 1.0X, 澳大利亚 | BGP | 1.0X
2025-03-08 11:54:34,221 - httpx - INFO - HTTP Request: POST https://api.telegram.org/bot8123471451:AAHtM7bh8ZQJ5C7FcGLqyelwcvYaQilP4rk/sendMessage "HTTP/1.1 200 OK"
2025-03-08 11:54:34,222 - __main__ - INFO - 发送掉线节点通知: 马来西亚 | BGP | 1.0X, 澳大利亚 | BGP | 1.0X
2025-03-08 11:54:58,996 - httpx - INFO - HTTP Request: POST https://api.telegram.org/bot8123471451:AAHtM7bh8ZQJ5C7FcGLqyelwcvYaQilP4rk/sendMessage "HTTP/1.1 200 OK"
2025-03-08 11:54:58,997 - __main__ - INFO - 发送掉线节点通知: 马来西亚 | BGP | 1.0X, 澳大利亚 | BGP | 1.0X
2025-03-08 11:55:05,460 - httpx - INFO - HTTP Request: POST https://api.telegram.org/bot8123471451:AAHtM7bh8ZQJ5C7FcGLqyelwcvYaQilP4rk/sendMessage "HTTP/1.1 200 OK"
2025-03-08 11:55:05,461 - __main__ - INFO - 发送掉线节点通知: 马来西亚 | BGP | 1.0X, 澳大利亚 | BGP | 1.0X
2025-03-08 11:55:30,249 - httpx - INFO - HTTP Request: POST https://api.telegram.org/bot8123471451:AAHtM7bh8ZQJ5C7FcGLqyelwcvYaQilP4rk/sendMessage "HTTP/1.1 200 OK"
2025-03-08 11:55:30,250 - __main__ - INFO - 发送掉线节点通知: 马来西亚 | BGP | 1.0X, 澳大利亚 | BGP | 1.0X
2025-03-08 11:56:01,461 - httpx - INFO - HTTP Request: POST https://api.telegram.org/bot8123471451:AAHtM7bh8ZQJ5C7FcGLqyelwcvYaQilP4rk/sendMessage "HTTP/1.1 200 OK"
2025-03-08 11:56:01,462 - __main__ - INFO - 发送掉线节点通知: 马来西亚 | BGP | 1.0X, 澳大利亚 | BGP | 1.0X
2025-03-08 11:56:32,635 - httpx - INFO - HTTP Request: POST https://api.telegram.org/bot8123471451:AAHtM7bh8ZQJ5C7FcGLqyelwcvYaQilP4rk/sendMessage "HTTP/1.1 200 OK"
2025-03-08 11:56:32,636 - __main__ - INFO - 发送掉线节点通知: 马来西亚 | BGP | 1.0X, 澳大利亚 | BGP | 1.0X
2025-03-08 11:57:03,847 - httpx - INFO - HTTP Request: POST https://api.telegram.org/bot8123471451:AAHtM7bh8ZQJ5C7FcGLqyelwcvYaQilP4rk/sendMessage "HTTP/1.1 200 OK"
2025-03-08 11:57:03,848 - __main__ - INFO - 发送掉线节点通知: 马来西亚 | BGP | 1.0X, 澳大利亚 | BGP | 1.0X
2025-03-08 11:57:35,114 - httpx - INFO - HTTP Request: POST https://api.telegram.org/bot8123471451:AAHtM7bh8ZQJ5C7FcGLqyelwcvYaQilP4rk/sendMessage "HTTP/1.1 200 OK"
2025-03-08 11:57:35,115 - __main__ - INFO - 发送掉线节点通知: 马来西亚 | BGP | 1.0X, 澳大利亚 | BGP | 1.0X
2025-03-08 11:58:06,288 - httpx - INFO - HTTP Request: POST https://api.telegram.org/bot8123471451:AAHtM7bh8ZQJ5C7FcGLqyelwcvYaQilP4rk/sendMessage "HTTP/1.1 200 OK"
2025-03-08 11:58:06,289 - __main__ - INFO - 发送掉线节点通知: 马来西亚 | BGP | 1.0X, 澳大利亚 | BGP | 1.0X
2025-03-08 11:58:37,559 - httpx - INFO - HTTP Request: POST https://api.telegram.org/bot8123471451:AAHtM7bh8ZQJ5C7FcGLqyelwcvYaQilP4rk/sendMessage "HTTP/1.1 200 OK"
2025-03-08 11:58:37,560 - __main__ - INFO - 发送掉线节点通知: 马来西亚 | BGP | 1.0X, 澳大利亚 | BGP | 1.0X
2025-03-08 11:59:08,832 - httpx - INFO - HTTP Request: POST https://api.telegram.org/bot8123471451:AAHtM7bh8ZQJ5C7FcGLqyelwcvYaQilP4rk/sendMessage "HTTP/1.1 200 OK"
2025-03-08 11:59:08,833 - __main__ - INFO - 发送掉线节点通知: 马来西亚 | BGP | 1.0X, 澳大利亚 | BGP | 1.0X
2025-03-08 11:59:40,046 - httpx - INFO - HTTP Request: POST https://api.telegram.org/bot8123471451:AAHtM7bh8ZQJ5C7FcGLqyelwcvYaQilP4rk/sendMessage "HTTP/1.1 200 OK"
2025-03-08 11:59:40,047 - __main__ - INFO - 发送掉线节点通知: 马来西亚 | BGP | 1.0X, 澳大利亚 | BGP | 1.0X
2025-03-08 12:00:11,520 - httpx - INFO - HTTP Request: POST https://api.telegram.org/bot8123471451:AAHtM7bh8ZQJ5C7FcGLqyelwcvYaQilP4rk/sendMessage "HTTP/1.1 200 OK"
2025-03-08 12:00:11,521 - __main__ - INFO - 发送掉线节点通知: 马来西亚 | BGP | 1.0X, 澳大利亚 | BGP | 1.0X
2025-03-08 12:00:42,951 - httpx - INFO - HTTP Request: POST https://api.telegram.org/bot8123471451:AAHtM7bh8ZQJ5C7FcGLqyelwcvYaQilP4rk/sendMessage "HTTP/1.1 200 OK"
2025-03-08 12:00:42,952 - __main__ - INFO - 发送掉线节点通知: 马来西亚 | BGP | 1.0X, 澳大利亚 | BGP | 1.0X
2025-03-08 12:01:14,147 - httpx - INFO - HTTP Request: POST https://api.telegram.org/bot8123471451:AAHtM7bh8ZQJ5C7FcGLqyelwcvYaQilP4rk/sendMessage "HTTP/1.1 200 OK"
2025-03-08 12:01:14,148 - __main__ - INFO - 发送掉线节点通知: 马来西亚 | BGP | 1.0X, 澳大利亚 | BGP | 1.0X
2025-03-08 12:01:45,412 - httpx - INFO - HTTP Request: POST https://api.telegram.org/bot8123471451:AAHtM7bh8ZQJ5C7FcGLqyelwcvYaQilP4rk/sendMessage "HTTP/1.1 200 OK"
2025-03-08 12:01:45,413 - __main__ - INFO - 发送掉线节点通知: 马来西亚 | BGP | 1.0X, 澳大利亚 | BGP | 1.0X
2025-03-08 12:04:39,500 - __main__ - INFO - 节点监控服务启动
2025-03-08 12:04:40,728 - httpx - INFO - HTTP Request: POST https://api.telegram.org/bot8123471451:AAHtM7bh8ZQJ5C7FcGLqyelwcvYaQilP4rk/sendMessage "HTTP/1.1 200 OK"
2025-03-08 12:04:40,729 - __main__ - INFO - 发送掉线节点通知: 澳大利亚 | BGP | 1.0X
